[12:33:53.922] [INFO] storybook v10.2.19
[12:33:54.108] [DEBUG] Getting package.json info for /home/palewire/Code/cuny-jour-static-site-template/package.json...
[12:33:54.713] [DEBUG] Serving static files from [36mstatic[39m at [36m/[39m
[12:33:54.716] [INFO] Starting...
[12:33:55.320] [DEBUG] Starting preview..
[12:33:55.333] [WARN] 🚨 Unable to index files:
- ./src/stories/DesignTokens.mdx: Could not parse expression with acorn
- ./src/stories/Introduction.mdx: Could not parse expression with acorn
[12:33:55.335] [ERROR] Failed to build the preview
[12:33:55.336] [ERROR] Error: [38;2;241;97;97mUnable to index files:
- ./src/stories/DesignTokens.mdx: Could not parse expression with acorn
- ./src/stories/Introduction.mdx: Could not parse expression with acorn[39m
    at _StoryIndexGenerator.getIndexAndStats (file://./node_modules/storybook/dist/core-server/index.js:6087:15)
    at async _StoryIndexGenerator.getIndex (file://./node_modules/storybook/dist/core-server/index.js:6076:13)
    at async getOptimizeDeps (file://./node_modules/@storybook/builder-vite/dist/index.js:1879:15)
    at async createViteServer (file://./node_modules/@storybook/builder-vite/dist/index.js:1906:19)
    at async Module.start (file://./node_modules/@storybook/builder-vite/dist/index.js:1934:17)
    at async storybookDevServer (file://./node_modules/storybook/dist/core-server/index.js:7295:83)
    at async buildOrThrow (file://./node_modules/storybook/dist/core-server/index.js:4506:12)
    at async buildDevStandalone (file://./node_modules/storybook/dist/core-server/index.js:7710:41)
    at async withTelemetry (file://./node_modules/storybook/dist/_node-chunks/chunk-FJZ625UU.js:218:12)
    at async dev (file://./node_modules/storybook/dist/bin/core.js:2734:3)
[12:33:55.337] [WARN] Broken build, fix the error above.
You may need to refresh the browser.